<?xml version="1.0" encoding="UTF-8"?>
<testng-results ignored="0" total="3" passed="3" failed="0" skipped="0">
  <reporter-output>
  </reporter-output>
  <suite started-at="2026-06-30T21:25:03 IST" name="Default suite" finished-at="2026-06-30T21:25:03 IST" duration-ms="117">
    <groups>
    </groups>
    <test started-at="2026-06-30T21:25:03 IST" name="Default test" finished-at="2026-06-30T21:25:03 IST" duration-ms="117">
      <class name="day42.FirstTestCase">
        <test-method signature="Open()[pri:1, instance:day42.FirstTestCase@13c9d689]" started-at="2026-06-30T21:25:03 IST" name="Open" finished-at="2026-06-30T21:25:03 IST" duration-ms="19" status="PASS">
          <reporter-output>
          </reporter-output>
        </test-method> <!-- Open -->
        <test-method signature="Login()[pri:2, instance:day42.FirstTestCase@13c9d689]" started-at="2026-06-30T21:25:03 IST" name="Login" finished-at="2026-06-30T21:25:03 IST" duration-ms="4" status="PASS">
          <reporter-output>
          </reporter-output>
        </test-method> <!-- Login -->
        <test-method signature="Logout()[pri:4, instance:day42.FirstTestCase@13c9d689]" started-at="2026-06-30T21:25:03 IST" name="Logout" finished-at="2026-06-30T21:25:03 IST" duration-ms="1" status="PASS">
          <reporter-output>
          </reporter-output>
        </test-method> <!-- Logout -->
      </class> <!-- day42.FirstTestCase -->
    </test> <!-- Default test -->
  </suite> <!-- Default suite -->
</testng-results>
