<?xml version="1.0" encoding="UTF-8"?>
<!-- Generated by org.testng.reporters.JUnitReportReporter -->
<testsuite hostname="Alt" failures="0" tests="3" name="day42.FirstTestCase" time="0.024" errors="0" timestamp="2026-06-30T21:25:04 IST" skipped="0">
  <testcase classname="day42.FirstTestCase" name="Open" time="0.019"/>
  <testcase classname="day42.FirstTestCase" name="Login" time="0.004"/>
  <testcase classname="day42.FirstTestCase" name="Logout" time="0.001"/>
</testsuite> <!-- day42.FirstTestCase -->
